# JRE version: Java(TM) SE Runtime Environment (23.0.2+7) (build 23.0.2+7-58)
# Java VM: Java HotSpot(TM) 64-Bit Server VM (23.0.2+7-58, mixed mode, sharing, tiered, compressed oops, compressed class ptrs, g1 gc, windows-amd64)
GC Precious Log:
 CardTable entry size: 512
 Card Set container configuration: InlinePtr #cards 4 size 8 Array Of Cards #cards 16 size 48 Howl #buckets 8 coarsen threshold 3686 Howl Bitmap #cards 512 size 80 coarsen threshold 460 Card regions per heap region 1 cards per card region 4096
 CPUs: 8 total, 8 available
 Memory: 16151M
 Large Page Support: Disabled
 NUMA Support: Disabled
 Compressed Oops: Enabled (Zero based)
 Heap Region Size: 2M
 Heap Min Capacity: 8M
 Heap Initial Capacity: 254M
 Heap Max Capacity: 4038M
 Pre-touch: Disabled
 Parallel Workers: 8
 Concurrent Workers: 2
 Concurrent Refinement Workers: 8
 Periodic GC: Disabled
Heap:
 garbage-first heap   total reserved 4134912K, committed 92160K, used 55027K [0x0000000703a00000, 0x0000000800000000)
  region size 2048K, 4 young (8192K), 2 survivors (4096K)
 Metaspace       used 79821K, committed 80704K, reserved 1179648K
  class space    used 10875K, committed 11264K, reserved 1048576K
GC Heap History (20 events):
Event: 14.327 GC heap before
{Heap before GC invocations=14 (full 0):
 garbage-first heap   total reserved 4134912K, committed 75776K, used 65203K [0x0000000703a00000, 0x0000000800000000)
  region size 2048K, 16 young (32768K), 2 survivors (4096K)
 Metaspace       used 55398K, committed 56064K, reserved 1114112K
  class space    used 7130K, committed 7424K, reserved 1048576K
}
Event: 14.334 GC heap after
{Heap after GC invocations=15 (full 0):
 garbage-first heap   total reserved 4134912K, committed 75776K, used 38673K [0x0000000703a00000, 0x0000000800000000)
  region size 2048K, 1 young (2048K), 1 survivors (2048K)
 Metaspace       used 55398K, committed 56064K, reserved 1114112K
  class space    used 7130K, committed 7424K, reserved 1048576K
}
Event: 15.045 GC heap before
{Heap before GC invocations=15 (full 0):
 garbage-first heap   total reserved 4134912K, committed 75776K, used 55057K [0x0000000703a00000, 0x0000000800000000)
  region size 2048K, 10 young (20480K), 1 survivors (2048K)
 Metaspace       used 59698K, committed 60288K, reserved 1114112K
  class space    used 7845K, committed 8128K, reserved 1048576K
}
Event: 15.049 GC heap after
{Heap after GC invocations=16 (full 0):
 garbage-first heap   total reserved 4134912K, committed 75776K, used 39344K [0x0000000703a00000, 0x0000000800000000)
  region size 2048K, 2 young (4096K), 2 survivors (4096K)
 Metaspace       used 59698K, committed 60288K, reserved 1114112K
  class space    used 7845K, committed 8128K, reserved 1048576K
}
Event: 15.805 GC heap before
{Heap before GC invocations=17 (full 0):
 garbage-first heap   total reserved 4134912K, committed 75776K, used 61872K [0x0000000703a00000, 0x0000000800000000)
  region size 2048K, 14 young (28672K), 2 survivors (4096K)
 Metaspace       used 67277K, committed 67904K, reserved 1114112K
  class space    used 8998K, committed 9280K, reserved 1048576K
}
Event: 15.810 GC heap after
{Heap after GC invocations=18 (full 0):
 garbage-first heap   total reserved 4134912K, committed 75776K, used 40590K [0x0000000703a00000, 0x0000000800000000)
  region size 2048K, 2 young (4096K), 2 survivors (4096K)
 Metaspace       used 67277K, committed 67904K, reserved 1114112K
  class space    used 8998K, committed 9280K, reserved 1048576K
}
Event: 16.398 GC heap before
{Heap before GC invocations=18 (full 0):
 garbage-first heap   total reserved 4134912K, committed 75776K, used 63118K [0x0000000703a00000, 0x0000000800000000)
  region size 2048K, 13 young (26624K), 2 survivors (4096K)
 Metaspace       used 71109K, committed 71808K, reserved 1114112K
  class space    used 9611K, committed 9920K, reserved 1048576K
}
Event: 16.405 GC heap after
{Heap after GC invocations=19 (full 0):
 garbage-first heap   total reserved 4134912K, committed 75776K, used 41065K [0x0000000703a00000, 0x0000000800000000)
  region size 2048K, 2 young (4096K), 2 survivors (4096K)
 Metaspace       used 71109K, committed 71808K, reserved 1114112K
  class space    used 9611K, committed 9920K, reserved 1048576K
}
Event: 16.944 GC heap before
{Heap before GC invocations=19 (full 0):
 garbage-first heap   total reserved 4134912K, committed 75776K, used 63593K [0x0000000703a00000, 0x0000000800000000)
  region size 2048K, 13 young (26624K), 2 survivors (4096K)
 Metaspace       used 72884K, committed 73536K, reserved 1114112K
  class space    used 9774K, committed 10048K, reserved 1048576K
}
Event: 16.951 GC heap after
{Heap after GC invocations=20 (full 0):
 garbage-first heap   total reserved 4134912K, committed 92160K, used 42672K [0x0000000703a00000, 0x0000000800000000)
  region size 2048K, 2 young (4096K), 2 survivors (4096K)
 Metaspace       used 72884K, committed 73536K, reserved 1114112K
  class space    used 9774K, committed 10048K, reserved 1048576K
}
Event: 17.961 GC heap before
{Heap before GC invocations=21 (full 0):
 garbage-first heap   total reserved 4134912K, committed 92160K, used 79536K [0x0000000703a00000, 0x0000000800000000)
  region size 2048K, 20 young (40960K), 2 survivors (4096K)
 Metaspace       used 75396K, committed 76096K, reserved 1179648K
  class space    used 10211K, committed 10496K, reserved 1048576K
}
Event: 17.967 GC heap after
{Heap after GC invocations=22 (full 0):
 garbage-first heap   total reserved 4134912K, committed 92160K, used 44888K [0x0000000703a00000, 0x0000000800000000)
  region size 2048K, 3 young (6144K), 3 survivors (6144K)
 Metaspace       used 75396K, committed 76096K, reserved 1179648K
  class space    used 10211K, committed 10496K, reserved 1048576K
}
Event: 18.555 GC heap before
{Heap before GC invocations=22 (full 0):
 garbage-first heap   total reserved 4134912K, committed 92160K, used 77656K [0x0000000703a00000, 0x0000000800000000)
  region size 2048K, 19 young (38912K), 3 survivors (6144K)
 Metaspace       used 76136K, committed 76864K, reserved 1179648K
  class space    used 10343K, committed 10688K, reserved 1048576K
}
Event: 18.563 GC heap after
{Heap after GC invocations=23 (full 0):
 garbage-first heap   total reserved 4134912K, committed 92160K, used 45881K [0x0000000703a00000, 0x0000000800000000)
  region size 2048K, 2 young (4096K), 2 survivors (4096K)
 Metaspace       used 76136K, committed 76864K, reserved 1179648K
  class space    used 10343K, committed 10688K, reserved 1048576K
}
Event: 19.113 GC heap before
{Heap before GC invocations=23 (full 0):
 garbage-first heap   total reserved 4134912K, committed 92160K, used 80697K [0x0000000703a00000, 0x0000000800000000)
  region size 2048K, 19 young (38912K), 2 survivors (4096K)
 Metaspace       used 77085K, committed 77824K, reserved 1179648K
  class space    used 10475K, committed 10816K, reserved 1048576K
}
Event: 19.121 GC heap after
{Heap after GC invocations=24 (full 0):
 garbage-first heap   total reserved 4134912K, committed 92160K, used 47671K [0x0000000703a00000, 0x0000000800000000)
  region size 2048K, 2 young (4096K), 2 survivors (4096K)
 Metaspace       used 77085K, committed 77824K, reserved 1179648K
  class space    used 10475K, committed 10816K, reserved 1048576K
}
Event: 19.677 GC heap before
{Heap before GC invocations=25 (full 0):
 garbage-first heap   total reserved 4134912K, committed 92160K, used 80439K [0x0000000703a00000, 0x0000000800000000)
  region size 2048K, 18 young (36864K), 2 survivors (4096K)
 Metaspace       used 77911K, committed 78720K, reserved 1179648K
  class space    used 10596K, committed 10944K, reserved 1048576K
}
Event: 19.683 GC heap after
{Heap after GC invocations=26 (full 0):
 garbage-first heap   total reserved 4134912K, committed 92160K, used 49034K [0x0000000703a00000, 0x0000000800000000)
  region size 2048K, 3 young (6144K), 3 survivors (6144K)
 Metaspace       used 77911K, committed 78720K, reserved 1179648K
  class space    used 10596K, committed 10944K, reserved 1048576K
}
Event: 20.121 GC heap before
{Heap before GC invocations=26 (full 0):
 garbage-first heap   total reserved 4134912K, committed 92160K, used 77706K [0x0000000703a00000, 0x0000000800000000)
  region size 2048K, 17 young (34816K), 3 survivors (6144K)
 Metaspace       used 78485K, committed 79232K, reserved 1179648K
  class space    used 10683K, committed 11008K, reserved 1048576K
}
Event: 20.133 GC heap after
{Heap after GC invocations=27 (full 0):
 garbage-first heap   total reserved 4134912K, committed 92160K, used 50579K [0x0000000703a00000, 0x0000000800000000)
  region size 2048K, 3 young (6144K), 3 survivors (6144K)
 Metaspace       used 78485K, committed 79232K, reserved 1179648K
  class space    used 10683K, committed 11008K, reserved 1048576K
}

